{"D:\\V.S.Code_Workbench\\Projects\\13)_Javascript_Testing\\src\\eg.js": {"path":"D:\\V.S.Code_Workbench\\Projects\\13)_Javascript_Testing\\src\\eg.js","all":false,"statementMap":{"0":{"start":{"line":1,"column":0},"end":{"line":1,"column":27}},"1":{"start":{"line":2,"column":0},"end":{"line":2,"column":23}},"2":{"start":{"line":3,"column":0},"end":{"line":3,"column":1}},"3":{"start":{"line":4,"column":0},"end":{"line":4,"column":0}},"4":{"start":{"line":5,"column":0},"end":{"line":5,"column":29}},"5":{"start":{"line":6,"column":0},"end":{"line":6,"column":52}},"6":{"start":{"line":7,"column":0},"end":{"line":7,"column":33}},"7":{"start":{"line":8,"column":0},"end":{"line":8,"column":33}},"8":{"start":{"line":9,"column":0},"end":{"line":9,"column":22}},"9":{"start":{"line":10,"column":0},"end":{"line":10,"column":1}}},"s":{"0":1,"1":3,"2":3,"3":1,"4":1,"5":4,"6":4,"7":4,"8":1,"9":1},"branchMap":{"0":{"type":"branch","line":1,"loc":{"start":{"line":1,"column":7},"end":{"line":3,"column":1}},"locations":[{"start":{"line":1,"column":7},"end":{"line":3,"column":1}}]},"1":{"type":"branch","line":2,"loc":{"start":{"line":2,"column":15},"end":{"line":2,"column":18}},"locations":[{"start":{"line":2,"column":15},"end":{"line":2,"column":18}}]},"2":{"type":"branch","line":2,"loc":{"start":{"line":2,"column":19},"end":{"line":2,"column":22}},"locations":[{"start":{"line":2,"column":19},"end":{"line":2,"column":22}}]},"3":{"type":"branch","line":5,"loc":{"start":{"line":5,"column":7},"end":{"line":10,"column":1}},"locations":[{"start":{"line":5,"column":7},"end":{"line":10,"column":1}}]},"4":{"type":"branch","line":6,"loc":{"start":{"line":6,"column":18},"end":{"line":6,"column":32}},"locations":[{"start":{"line":6,"column":18},"end":{"line":6,"column":32}}]},"5":{"type":"branch","line":6,"loc":{"start":{"line":6,"column":34},"end":{"line":6,"column":52}},"locations":[{"start":{"line":6,"column":34},"end":{"line":6,"column":52}}]},"6":{"type":"branch","line":7,"loc":{"start":{"line":7,"column":-2},"end":{"line":7,"column":19}},"locations":[{"start":{"line":7,"column":-2},"end":{"line":7,"column":19}}]},"7":{"type":"branch","line":7,"loc":{"start":{"line":7,"column":19},"end":{"line":7,"column":33}},"locations":[{"start":{"line":7,"column":19},"end":{"line":7,"column":33}}]},"8":{"type":"branch","line":8,"loc":{"start":{"line":8,"column":-2},"end":{"line":8,"column":19}},"locations":[{"start":{"line":8,"column":-2},"end":{"line":8,"column":19}}]},"9":{"type":"branch","line":8,"loc":{"start":{"line":8,"column":19},"end":{"line":10,"column":1}},"locations":[{"start":{"line":8,"column":19},"end":{"line":10,"column":1}}]}},"b":{"0":[3],"1":[1],"2":[2],"3":[4],"4":[2],"5":[1],"6":[3],"7":[1],"8":[2],"9":[1]},"fnMap":{"0":{"name":"max","decl":{"start":{"line":1,"column":7},"end":{"line":3,"column":1}},"loc":{"start":{"line":1,"column":7},"end":{"line":3,"column":1}},"line":1},"1":{"name":"fizzBuzz","decl":{"start":{"line":5,"column":7},"end":{"line":10,"column":1}},"loc":{"start":{"line":5,"column":7},"end":{"line":10,"column":1}},"line":5}},"f":{"0":3,"1":4}}
}
